2025-12-05 12:57:49,332 INFO LISTEN tcp 127.0.0.1:7777
2025-12-05 12:57:49,334 ERROR HANDSHAKE_FAIL peer=('127.0.0.1', 44906) error=empty_stream
2025-12-05 12:57:49,335 INFO DISCONNECT_UNIDENTIFIED peer=('127.0.0.1', 44906)
2025-12-05 12:57:49,338 INFO IN testcore {"op":"HANDSHAKE","client":"testcore"}
[CORE_ONLINE] id=testcore
2025-12-05 12:57:49,339 INFO SUB testcore topic=Diag.testcore.PING
[CORE] id=testcore topic=testclient1.hello payload={"client":"testcore","topic":"testclient1.hello","time":1764957469339,"data":{"message":"hello testclient1"}}
2025-12-05 12:57:49,339 INFO SUB testcore topic=Control.Shutdown
[CORE] id=testcore topic=testclient2.hello payload={"client":"testcore","topic":"testclient2.hello","time":1764957469339,"data":{"message":"hello testclient2"}}
2025-12-05 12:57:49,339 INFO DROP testcore topic=Diag.testcore.ONLINE reason=no_subscribers
2025-12-05 12:57:49,339 INFO SUB testcore topic=testcore.hello
2025-12-05 12:57:49,340 INFO DROP testcore topic=testclient1.hello reason=no_subscribers
2025-12-05 12:57:49,340 INFO DROP testcore topic=testclient2.hello reason=no_subscribers
2025-12-05 12:57:49,341 INFO IN testclient1 {"op":"HANDSHAKE","client":"testclient1"}
2025-12-05 12:57:49,341 INFO IN testclient2 {"op":"HANDSHAKE","client":"testclient2"}
[PLUGIN_ONLINE] id=testclient1
2025-12-05 12:57:49,341 INFO SUB testclient1 topic=Diag.testclient1.PING
2025-12-05 12:57:49,341 INFO SUB testclient1 topic=Control.Shutdown
2025-12-05 12:57:49,341 INFO DROP testclient1 topic=Diag.testclient1.ONLINE reason=no_subscribers
2025-12-05 12:57:49,341 INFO SUB testclient1 topic=testclient1.hello
[PLUGIN_ONLINE] id=testclient22025-12-05 12:57:49,341 INFO SUB testclient2 topic=Diag.testclient2.PING
2025-12-05 12:57:49,342 INFO SUB testclient2 topic=Control.Shutdown

2025-12-05 12:57:49,342 INFO DROP testclient2 topic=Diag.testclient2.ONLINE reason=no_subscribers
2025-12-05 12:57:49,342 INFO SUB testclient2 topic=testclient2.hello
[CORE] id=testcore topic=testclient1.hello payload={"client":"testcore","topic":"testclient1.hello","time":1764957470339,"data":{"message":"hello testclient1"}}
[CORE] id=testcore topic=testclient2.hello payload={"client":"testcore","topic":"testclient2.hello","time":1764957470340,"data":{"message":"hello testclient2"}}
2025-12-05 12:57:50,340 INFO PUB testcore topic=testclient1.hello targets=('testclient1',) data={"message":"hello testclient1"}
2025-12-05 12:57:50,340 INFO PUB testcore topic=testclient2.hello targets=('testclient2',) data={"message":"hello testclient2"}
[testclient1] Replied: reply_topic=testcore.hello src=testcore data={'message': 'hello testclient1'}
2025-12-05 12:57:50,340 INFO PUB testclient1 topic=testcore.hello targets=('testcore',) data={"message":"hello testcore"}
[testclient2] Replied: reply_topic=testcore.hello src=testcore data={'message': 'hello testclient2'}
2025-12-05 12:57:50,341 INFO PUB testclient2 topic=testcore.hello targets=('testcore',) data={"message":"hello testcore"}
[CORE] id=testcore topic=testclient1.hello payload={"client":"testcore","topic":"testclient1.hello","time":1764957471340,"data":{"message":"hello testclient1"}}
[CORE] id=testcore topic=testclient2.hello payload={"client":"testcore","topic":"testclient2.hello","time":1764957471340,"data":{"message":"hello testclient2"}}
2025-12-05 12:57:51,340 INFO PUB testcore topic=testclient1.hello targets=('testclient1',) data={"message":"hello testclient1"}
2025-12-05 12:57:51,341 INFO PUB testclient1 topic=testcore.hello targets=('testcore',) data={"message":"hello testcore"}
2025-12-05 12:57:51,341 INFO PUB testcore topic=testclient2.hello targets=('testclient2',) data={"message":"hello testclient2"}
[testclient1] Replied: reply_topic=testcore.hello src=testcore data={'message': 'hello testclient1'}
[testclient2] Replied: reply_topic=testcore.hello src=testcore data={'message': 'hello testclient2'}
2025-12-05 12:57:51,343 INFO PUB testclient2 topic=testcore.hello targets=('testcore',) data={"message":"hello testcore"}
[CORE] id=testcore topic=testclient1.hello payload={"client":"testcore","topic":"testclient1.hello","time":1764957472340,"data":{"message":"hello testclient1"}}
[CORE] id=testcore topic=testclient2.hello payload={"client":"testcore","topic":"testclient2.hello","time":1764957472341,"data":{"message":"hello testclient2"}}
2025-12-05 12:57:52,341 INFO PUB testcore topic=testclient1.hello targets=('testclient1',) data={"message":"hello testclient1"}
[testclient1] Replied: reply_topic=testcore.hello src=testcore data={'message': 'hello testclient1'}
2025-12-05 12:57:52,341 INFO PUB testclient1 topic=testcore.hello targets=('testcore',) data={"message":"hello testcore"}
2025-12-05 12:57:52,341 INFO PUB testcore topic=testclient2.hello targets=('testclient2',) data={"message":"hello testclient2"}
[testclient2] Replied: reply_topic=testcore.hello src=testcore data={'message': 'hello testclient2'}
2025-12-05 12:57:52,342 INFO PUB testclient2 topic=testcore.hello targets=('testcore',) data={"message":"hello testcore"}
2025-12-05 12:57:52,982 ERROR reader stopped client=testcore error=bus connection closed
2025-12-05 12:57:52,982 INFO DROP testcore topic=Diag.testcore.STOPPED reason=no_subscribers
[CORE_STOP] id=testcore2025-12-05 12:57:52,983 INFO DROP testclient2 topic=Diag.testclient2.STOPPED reason=no_subscribers
2025-12-05 12:57:52,982 ERROR reader stopped client=testclient2 error=bus connection closed

[MAIN] interrupt received, terminating
[PLUGIN_STOP] id=testclient2
2025-12-05 12:57:52,983 ERROR reader stopped client=testclient1 error=bus connection closed
[PLUGIN_STOP] id=testclient1
2025-12-05 12:57:52,984 INFO CANCEL client=testcore
2025-12-05 12:57:52,984 INFO DISCONNECT client=testcore
2025-12-05 12:57:52,984 INFO CANCEL client=testclient1
2025-12-05 12:57:52,984 INFO DISCONNECT client=testclient1
2025-12-05 12:57:52,984 INFO CANCEL client=testclient2
2025-12-05 12:57:52,984 INFO DISCONNECT client=testclient2
